TN:
SF:/Users/timothystrzelecki/Development/Angular/watch-list/src/polyfills.ts
FNF:0
FNH:0
DA:41,1
DA:42,1
DA:56,1
LF:3
LH:3
BRF:0
BRH:0
end_of_record
TN:
SF:/Users/timothystrzelecki/Development/Angular/watch-list/src/test.ts
FN:20,(anonymous_0)
FNF:1
FNH:1
FNDA:1,(anonymous_0)
DA:3,1
DA:4,1
DA:5,1
DA:6,1
DA:7,1
DA:8,1
DA:9,1
DA:10,1
DA:20,1
DA:23,1
DA:28,1
DA:30,1
DA:32,1
LF:13
LH:13
BRF:0
BRH:0
end_of_record
TN:
SF:/Users/timothystrzelecki/Development/Angular/watch-list/src/app/watch-lists/watch-list.component.ts
FN:9,(anonymous_2)
FN:13,WatchListComponent
FN:15,(anonymous_4)
FNF:3
FNH:3
FNDA:1,(anonymous_2)
FNDA:1,WatchListComponent
FNDA:1,(anonymous_4)
DA:1,1
DA:2,1
DA:9,1
DA:11,1
DA:13,1
DA:15,1
DA:21,1
LF:7
LH:7
BRDA:13,0,0,1
BRDA:13,0,1,0
BRDA:13,1,0,1
BRF:3
BRH:2
end_of_record
TN:
SF:/Users/timothystrzelecki/Development/Angular/watch-list/src/app/watch-lists/watch-list/watch-list.service.ts
FN:7,(anonymous_2)
FN:14,WatchListService
FN:16,(anonymous_4)
FN:22,(anonymous_5)
FN:30,(anonymous_6)
FNF:5
FNH:1
FNDA:1,(anonymous_2)
FNDA:0,WatchListService
FNDA:0,(anonymous_4)
FNDA:0,(anonymous_5)
FNDA:0,(anonymous_6)
DA:1,1
DA:3,1
DA:4,1
DA:7,1
DA:9,0
DA:14,0
DA:16,1
DA:20,0
DA:23,0
DA:24,0
DA:30,1
DA:31,0
DA:34,1
LF:13
LH:7
BRDA:23,0,0,0
BRDA:23,0,1,0
BRDA:14,1,0,1
BRDA:14,1,1,0
BRDA:14,2,0,1
BRF:5
BRH:2
end_of_record
